{"C:\\Users\\estef\\OneDrive\\Escritorio\\Tercer año\\Lab10-Calculadora\\src\\StartApp.jsx": {"path":"C:\\Users\\estef\\OneDrive\\Escritorio\\Tercer año\\Lab10-Calculadora\\src\\StartApp.jsx","statementMap":{"0":{"start":{"line":6,"column":24},"end":{"line":6,"column":36}},"1":{"start":{"line":7,"column":26},"end":{"line":7,"column":38}},"2":{"start":{"line":8,"column":26},"end":{"line":8,"column":38}},"3":{"start":{"line":9,"column":31},"end":{"line":9,"column":42}},"4":{"start":{"line":10,"column":32},"end":{"line":10,"column":46}},"5":{"start":{"line":13,"column":4},"end":{"line":19,"column":5}},"6":{"start":{"line":14,"column":6},"end":{"line":14,"column":26}},"7":{"start":{"line":15,"column":6},"end":{"line":15,"column":23}},"8":{"start":{"line":17,"column":6},"end":{"line":17,"column":28}},"9":{"start":{"line":18,"column":6},"end":{"line":18,"column":24}},"10":{"start":{"line":23,"column":4},"end":{"line":23,"column":19}},"11":{"start":{"line":26,"column":4},"end":{"line":26,"column":29}},"12":{"start":{"line":27,"column":4},"end":{"line":29,"column":5}},"13":{"start":{"line":28,"column":6},"end":{"line":28,"column":21}},"14":{"start":{"line":30,"column":4},"end":{"line":32,"column":5}},"15":{"start":{"line":31,"column":6},"end":{"line":31,"column":36}},"16":{"start":{"line":33,"column":4},"end":{"line":33,"column":17}},"17":{"start":{"line":36,"column":4},"end":{"line":40,"column":5}},"18":{"start":{"line":37,"column":6},"end":{"line":37,"column":31}},"19":{"start":{"line":39,"column":6},"end":{"line":39,"column":33}},"20":{"start":{"line":44,"column":4},"end":{"line":62,"column":5}},"21":{"start":{"line":46,"column":8},"end":{"line":46,"column":57}},"22":{"start":{"line":47,"column":8},"end":{"line":47,"column":14}},"23":{"start":{"line":49,"column":8},"end":{"line":49,"column":57}},"24":{"start":{"line":50,"column":8},"end":{"line":50,"column":14}},"25":{"start":{"line":52,"column":8},"end":{"line":52,"column":57}},"26":{"start":{"line":53,"column":8},"end":{"line":53,"column":14}},"27":{"start":{"line":55,"column":8},"end":{"line":55,"column":57}},"28":{"start":{"line":56,"column":8},"end":{"line":56,"column":14}},"29":{"start":{"line":58,"column":8},"end":{"line":58,"column":46}},"30":{"start":{"line":59,"column":8},"end":{"line":59,"column":14}},"31":{"start":{"line":65,"column":4},"end":{"line":65,"column":15}},"32":{"start":{"line":66,"column":4},"end":{"line":66,"column":16}},"33":{"start":{"line":67,"column":4},"end":{"line":67,"column":16}},"34":{"start":{"line":68,"column":4},"end":{"line":68,"column":18}},"35":{"start":{"line":71,"column":2},"end":{"line":101,"column":4}},"36":{"start":{"line":80,"column":47},"end":{"line":80,"column":68}},"37":{"start":{"line":81,"column":47},"end":{"line":81,"column":66}},"38":{"start":{"line":83,"column":47},"end":{"line":83,"column":63}},"39":{"start":{"line":84,"column":47},"end":{"line":84,"column":63}},"40":{"start":{"line":85,"column":47},"end":{"line":85,"column":63}},"41":{"start":{"line":86,"column":47},"end":{"line":86,"column":66}},"42":{"start":{"line":87,"column":47},"end":{"line":87,"column":63}},"43":{"start":{"line":88,"column":47},"end":{"line":88,"column":63}},"44":{"start":{"line":89,"column":47},"end":{"line":89,"column":63}},"45":{"start":{"line":90,"column":47},"end":{"line":90,"column":66}},"46":{"start":{"line":91,"column":47},"end":{"line":91,"column":63}},"47":{"start":{"line":92,"column":47},"end":{"line":92,"column":63}},"48":{"start":{"line":93,"column":47},"end":{"line":93,"column":63}},"49":{"start":{"line":94,"column":47},"end":{"line":94,"column":66}},"50":{"start":{"line":95,"column":47},"end":{"line":95,"column":65}},"51":{"start":{"line":96,"column":47},"end":{"line":96,"column":63}}},"fnMap":{"0":{"name":"StartApp","decl":{"start":{"line":5,"column":9},"end":{"line":5,"column":17}},"loc":{"start":{"line":5,"column":20},"end":{"line":102,"column":1}},"line":5},"1":{"name":"changeNumber","decl":{"start":{"line":12,"column":11},"end":{"line":12,"column":23}},"loc":{"start":{"line":12,"column":31},"end":{"line":20,"column":3}},"line":12},"2":{"name":"changeSimbolo","decl":{"start":{"line":22,"column":11},"end":{"line":22,"column":24}},"loc":{"start":{"line":22,"column":32},"end":{"line":24,"column":3}},"line":22},"3":{"name":"restDatos","decl":{"start":{"line":25,"column":11},"end":{"line":25,"column":20}},"loc":{"start":{"line":25,"column":28},"end":{"line":34,"column":3}},"line":25},"4":{"name":"evaluar","decl":{"start":{"line":35,"column":11},"end":{"line":35,"column":18}},"loc":{"start":{"line":35,"column":21},"end":{"line":41,"column":3}},"line":35},"5":{"name":"result","decl":{"start":{"line":43,"column":11},"end":{"line":43,"column":17}},"loc":{"start":{"line":43,"column":20},"end":{"line":63,"column":3}},"line":43},"6":{"name":"limpiar","decl":{"start":{"line":64,"column":11},"end":{"line":64,"column":18}},"loc":{"start":{"line":64,"column":21},"end":{"line":69,"column":3}},"line":64},"7":{"name":"(anonymous_7)","decl":{"start":{"line":80,"column":39},"end":{"line":80,"column":40}},"loc":{"start":{"line":80,"column":45},"end":{"line":80,"column":70}},"line":80},"8":{"name":"(anonymous_8)","decl":{"start":{"line":81,"column":39},"end":{"line":81,"column":40}},"loc":{"start":{"line":81,"column":45},"end":{"line":81,"column":68}},"line":81},"9":{"name":"(anonymous_9)","decl":{"start":{"line":83,"column":39},"end":{"line":83,"column":40}},"loc":{"start":{"line":83,"column":45},"end":{"line":83,"column":65}},"line":83},"10":{"name":"(anonymous_10)","decl":{"start":{"line":84,"column":39},"end":{"line":84,"column":40}},"loc":{"start":{"line":84,"column":45},"end":{"line":84,"column":65}},"line":84},"11":{"name":"(anonymous_11)","decl":{"start":{"line":85,"column":39},"end":{"line":85,"column":40}},"loc":{"start":{"line":85,"column":45},"end":{"line":85,"column":65}},"line":85},"12":{"name":"(anonymous_12)","decl":{"start":{"line":86,"column":39},"end":{"line":86,"column":40}},"loc":{"start":{"line":86,"column":45},"end":{"line":86,"column":68}},"line":86},"13":{"name":"(anonymous_13)","decl":{"start":{"line":87,"column":39},"end":{"line":87,"column":40}},"loc":{"start":{"line":87,"column":45},"end":{"line":87,"column":65}},"line":87},"14":{"name":"(anonymous_14)","decl":{"start":{"line":88,"column":39},"end":{"line":88,"column":40}},"loc":{"start":{"line":88,"column":45},"end":{"line":88,"column":65}},"line":88},"15":{"name":"(anonymous_15)","decl":{"start":{"line":89,"column":39},"end":{"line":89,"column":40}},"loc":{"start":{"line":89,"column":45},"end":{"line":89,"column":65}},"line":89},"16":{"name":"(anonymous_16)","decl":{"start":{"line":90,"column":39},"end":{"line":90,"column":40}},"loc":{"start":{"line":90,"column":45},"end":{"line":90,"column":68}},"line":90},"17":{"name":"(anonymous_17)","decl":{"start":{"line":91,"column":39},"end":{"line":91,"column":40}},"loc":{"start":{"line":91,"column":45},"end":{"line":91,"column":65}},"line":91},"18":{"name":"(anonymous_18)","decl":{"start":{"line":92,"column":39},"end":{"line":92,"column":40}},"loc":{"start":{"line":92,"column":45},"end":{"line":92,"column":65}},"line":92},"19":{"name":"(anonymous_19)","decl":{"start":{"line":93,"column":39},"end":{"line":93,"column":40}},"loc":{"start":{"line":93,"column":45},"end":{"line":93,"column":65}},"line":93},"20":{"name":"(anonymous_20)","decl":{"start":{"line":94,"column":39},"end":{"line":94,"column":40}},"loc":{"start":{"line":94,"column":45},"end":{"line":94,"column":68}},"line":94},"21":{"name":"(anonymous_21)","decl":{"start":{"line":95,"column":39},"end":{"line":95,"column":40}},"loc":{"start":{"line":95,"column":45},"end":{"line":95,"column":67}},"line":95},"22":{"name":"(anonymous_22)","decl":{"start":{"line":96,"column":39},"end":{"line":96,"column":40}},"loc":{"start":{"line":96,"column":45},"end":{"line":96,"column":65}},"line":96}},"branchMap":{"0":{"loc":{"start":{"line":13,"column":4},"end":{"line":19,"column":5}},"type":"if","locations":[{"start":{"line":13,"column":4},"end":{"line":19,"column":5}},{"start":{"line":16,"column":11},"end":{"line":19,"column":5}}],"line":13},"1":{"loc":{"start":{"line":27,"column":4},"end":{"line":29,"column":5}},"type":"if","locations":[{"start":{"line":27,"column":4},"end":{"line":29,"column":5}},{"start":{},"end":{}}],"line":27},"2":{"loc":{"start":{"line":30,"column":4},"end":{"line":32,"column":5}},"type":"if","locations":[{"start":{"line":30,"column":4},"end":{"line":32,"column":5}},{"start":{},"end":{}}],"line":30},"3":{"loc":{"start":{"line":36,"column":4},"end":{"line":40,"column":5}},"type":"if","locations":[{"start":{"line":36,"column":4},"end":{"line":40,"column":5}},{"start":{"line":38,"column":11},"end":{"line":40,"column":5}}],"line":36},"4":{"loc":{"start":{"line":44,"column":4},"end":{"line":62,"column":5}},"type":"switch","locations":[{"start":{"line":45,"column":6},"end":{"line":47,"column":14}},{"start":{"line":48,"column":6},"end":{"line":50,"column":14}},{"start":{"line":51,"column":6},"end":{"line":53,"column":14}},{"start":{"line":54,"column":6},"end":{"line":56,"column":14}},{"start":{"line":57,"column":6},"end":{"line":59,"column":14}},{"start":{"line":61,"column":6},"end":{"line":61,"column":14}}],"line":44},"5":{"loc":{"start":{"line":76,"column":42},"end":{"line":76,"column":64}},"type":"cond-expr","locations":[{"start":{"line":76,"column":49},"end":{"line":76,"column":59}},{"start":{"line":76,"column":62},"end":{"line":76,"column":64}}],"line":76},"6":{"loc":{"start":{"line":77,"column":41},"end":{"line":77,"column":92}},"type":"cond-expr","locations":[{"start":{"line":77,"column":51},"end":{"line":77,"column":69}},{"start":{"line":77,"column":73},"end":{"line":77,"column":91}}],"line":77},"7":{"loc":{"start":{"line":77,"column":73},"end":{"line":77,"column":91}},"type":"cond-expr","locations":[{"start":{"line":77,"column":81},"end":{"line":77,"column":84}},{"start":{"line":77,"column":87},"end":{"line":77,"column":91}}],"line":77}},"s":{"0":16,"1":16,"2":16,"3":16,"4":16,"5":0,"6":0,"7":0,"8":0,"9":0,"10":0,"11":0,"12":0,"13":0,"14":0,"15":0,"16":0,"17":0,"18":0,"19":0,"20":0,"21":0,"22":0,"23":0,"24":0,"25":0,"26":0,"27":0,"28":0,"29":0,"30":0,"31":0,"32":0,"33":0,"34":0,"35":16,"36":0,"37":0,"38":0,"39":0,"40":0,"41":0,"42":0,"43":0,"44":0,"45":0,"46":0,"47":0,"48":0,"49":0,"50":0,"51":0},"f":{"0":16,"1":0,"2":0,"3":0,"4":0,"5":0,"6":0,"7":0,"8":0,"9":0,"10":0,"11":0,"12":0,"13":0,"14":0,"15":0,"16":0,"17":0,"18":0,"19":0,"20":0,"21":0,"22":0},"b":{"0":[0,0],"1":[0,0],"2":[0,0],"3":[0,0],"4":[0,0,0,0,0,0],"5":[0,16],"6":[0,16],"7":[16,0]},"_coverageSchema":"1a1c01bbd47fc00a2c39e90264f33305004495a9","hash":"e6e4c058c794be6560cf9f750b79866aefc45823"}
}
